2015/11/05 13:28:16 [listen.go:42] [I] initLog端口：%!(EXTRA string=:7979)
2015/11/05 15:32:44 [login_controller.go:38] [E] insert loginMsg failed:%!(EXTRA *mysql.MySQLError=Error 1048: Column 'logout_time' cannot be null)
2015/11/05 15:34:26 [listen.go:83] [E] read:%!(EXTRA *errors.errorString=EOF)
2015/11/05 15:35:18 [login_controller.go:38] [E] insert loginMsg failed:%!(EXTRA *mysql.MySQLError=Error 1048: Column 'logout_time' cannot be null)
2015/11/05 15:38:27 [login_controller.go:38] [E] insert loginMsg failed:%!(EXTRA *mysql.MySQLError=Error 1048: Column 'logout_time' cannot be null)
2015/11/05 15:39:12 [listen.go:83] [E] read:%!(EXTRA *errors.errorString=EOF)
2015/11/05 15:43:47 [login_controller.go:38] [E] insert loginMsg failed:%!(EXTRA *mysql.MySQLError=Error 1062: Duplicate entry 'jim-' for key 'user_name')
2015/11/05 15:44:04 [listen.go:83] [E] read:%!(EXTRA *errors.errorString=EOF)
2015/11/05 15:57:26 [listen.go:83] [E] read:%!(EXTRA *errors.errorString=EOF)
2015/11/19 16:22:57 [listen.go:89] [E] conn.read:%!(EXTRA *errors.errorString=EOF)
2015/11/19 16:32:48 [login_controller.go:35] [E] select user:%!(EXTRA *errors.errorString=not found)
2015/11/19 16:33:14 [listen.go:89] [E] conn.read:%!(EXTRA *errors.errorString=EOF)
2015/11/19 16:41:09 [login_controller.go:35] [E] select user:%!(EXTRA *errors.errorString=not found)
2015/11/19 16:41:11 [listen.go:89] [E] conn.read:%!(EXTRA *errors.errorString=EOF)
2015/11/19 16:48:22 [listen.go:89] [E] conn.read:%!(EXTRA *errors.errorString=EOF)
2015/11/19 17:17:08 [listen.go:89] [E] conn.read:%!(EXTRA *errors.errorString=EOF)
2015/11/19 17:30:37 [listen.go:89] [E] conn.read:%!(EXTRA *errors.errorString=EOF)
2015/11/19 17:31:27 [listen.go:89] [E] conn.read:%!(EXTRA *errors.errorString=EOF)
2015/11/19 17:34:43 [listen.go:89] [E] conn.read:%!(EXTRA *errors.errorString=EOF)
2015/11/19 17:36:23 [listen.go:89] [E] conn.read:%!(EXTRA *errors.errorString=EOF)
2015/11/19 17:37:01 [listen.go:89] [E] conn.read:%!(EXTRA *errors.errorString=EOF)
2015/11/19 18:01:40 [UnreadMsg_controller.go:61] [W] protobuf marshal failed: %!(EXTRA *proto.RequiredNotSetError=proto: required field "MsgTypeId" not set)
2015/11/23 16:59:13 [httpServer.go:21] [E] http server:%!(EXTRA *net.OpError=listen tcp: unknown port tcp/)
